<?xml version="1.0" encoding="UTF-8"?>
<!-- Generated by org.testng.reporters.JUnitXMLReporter -->
<testsuite hostname="Dell-PC" ignored="0" name="Default test" tests="5" failures="0" timestamp="2020-06-18T16:23:42 IST" time="23.179" errors="0">
  <testcase name="ClientRegistrationValidation" time="14.799" classname="AuthTests.ClientAdminRegistration"/>
  <testcase name="gettokenvalidation" time="1.565" classname="AuthTests.ClientAdminRegistration"/>
  <testcase name="usercreation" time="1.616" classname="AuthTests.ClientAdminRegistration"/>
  <testcase name="UserGroupDetails" time="3.74" classname="AuthTests.ClientAdminRegistration"/>
  <testcase name="DashboardGroupResponseValidation" time="1.329" classname="AuthTests.ClientAdminRegistration"/>
</testsuite> <!-- Default test -->
