<?xml version="1.0" encoding="UTF-8"?>
<!-- Generated by org.testng.reporters.JUnitXMLReporter -->
<testsuite hostname="DESKTOP-BLC4JLR" ignored="2" name="Free CRM Test" tests="5" failures="0" timestamp="16 Dec 2019 07:46:05 GMT" time="255.506" errors="0">
  <testcase name="Usernamedisplay" time="2.608" classname="com.crm.tests.HomePageTest"/>
  <testcase name="newcontaactcreation" time="6.959" classname="com.crm.tests.ContactPageTest"/>
  <testcase name="Test1" time="3.126" classname="com.crm.tests.RubbishPageTest"/>
  <testcase name="LoginTitle" time="12.626" classname="com.crm.tests.LoginTest"/>
  <testcase name="SuccessfulLogin" time="8.835" classname="com.crm.tests.LoginTest"/>
  <testcase name="NavigatetoTrashpage" time="0.0" classname="com.crm.tests.HomePageTest">
    <ignored/>
  </testcase> <!-- NavigatetoTrashpage -->
  <testcase name="contactpagenavigation" time="0.0" classname="com.crm.tests.HomePageTest">
    <ignored/>
  </testcase> <!-- contactpagenavigation -->
</testsuite> <!-- Free CRM Test -->
