<?xml version="1.0" encoding="UTF-8"?>
<!-- Generated by org.testng.reporters.JUnitXMLReporter -->
<testsuite hostname="DESKTOP-BLC4JLR" ignored="2" name="Default test" tests="1" failures="0" timestamp="16 Dec 2019 07:36:41 GMT" time="40.493" errors="0">
  <testcase name="Usernamedisplay" time="2.088" classname="com.crm.tests.HomePageTest"/>
  <testcase name="NavigatetoTrashpage" time="0.0" classname="com.crm.tests.HomePageTest">
    <ignored/>
  </testcase> <!-- NavigatetoTrashpage -->
  <testcase name="contactpagenavigation" time="0.0" classname="com.crm.tests.HomePageTest">
    <ignored/>
  </testcase> <!-- contactpagenavigation -->
</testsuite> <!-- Default test -->
