<?xml version="1.0" encoding="UTF-8"?>
<!-- Generated by org.testng.reporters.JUnitXMLReporter -->
<testsuite hostname="DESKTOP-BLC4JLR" ignored="2" name="Default test" tests="4" failures="0" timestamp="07 Feb 2020 09:56:52 GMT" time="126.201" errors="0">
  <testcase name="newcompcreation" time="9.361" classname="Tests.companies_test"/>
  <testcase name="newcompcreation" time="8.345" classname="Tests.companies_test"/>
  <testcase name="newcompcreation" time="8.448" classname="Tests.companies_test"/>
  <testcase name="newcompcreation" time="8.405" classname="Tests.companies_test"/>
  <testcase name="usernavigatetocompanypage" time="0.0" classname="Tests.companies_test">
    <ignored/>
  </testcase> <!-- usernavigatetocompanypage -->
  <testcase name="newcompanypage" time="0.0" classname="Tests.companies_test">
    <ignored/>
  </testcase> <!-- newcompanypage -->
</testsuite> <!-- Default test -->
