<?xml version="1.0" encoding="UTF-8"?>
<testng-results skipped="0" failed="0" ignored="2" total="7" passed="5">
  <reporter-output>
  </reporter-output>
  <suite name="PageObjectModel" duration-ms="255506" started-at="2019-12-16T07:41:49Z" finished-at="2019-12-16T07:46:05Z">
    <groups>
    </groups>
    <test name="Free CRM Test" duration-ms="255506" started-at="2019-12-16T07:41:49Z" finished-at="2019-12-16T07:46:05Z">
      <class name="com.crm.tests.LoginTest">
        <test-method status="PASS" signature="setup()[pri:0, instance:com.crm.tests.LoginTest@553f17c]" name="setup" is-config="true" duration-ms="28979" started-at="2019-12-16T07:44:29Z" finished-at="2019-12-16T07:44:58Z">
          <reporter-output>
          </reporter-output>
        </test-method> <!-- setup -->
        <test-method status="PASS" signature="LoginTitle()[pri:1, instance:com.crm.tests.LoginTest@553f17c]" name="LoginTitle" duration-ms="12626" started-at="2019-12-16T07:44:58Z" finished-at="2019-12-16T07:45:11Z">
          <reporter-output>
          </reporter-output>
        </test-method> <!-- LoginTitle -->
        <test-method status="PASS" signature="teardown()[pri:0, instance:com.crm.tests.LoginTest@553f17c]" name="teardown" is-config="true" duration-ms="5669" started-at="2019-12-16T07:45:11Z" finished-at="2019-12-16T07:45:17Z">
          <reporter-output>
          </reporter-output>
        </test-method> <!-- teardown -->
        <test-method status="PASS" signature="setup()[pri:0, instance:com.crm.tests.LoginTest@553f17c]" name="setup" is-config="true" duration-ms="33427" started-at="2019-12-16T07:45:17Z" finished-at="2019-12-16T07:45:50Z">
          <reporter-output>
          </reporter-output>
        </test-method> <!-- setup -->
        <test-method status="PASS" signature="SuccessfulLogin()[pri:2, instance:com.crm.tests.LoginTest@553f17c]" name="SuccessfulLogin" duration-ms="8835" started-at="2019-12-16T07:45:50Z" finished-at="2019-12-16T07:45:59Z">
          <reporter-output>
          </reporter-output>
        </test-method> <!-- SuccessfulLogin -->
        <test-method status="PASS" signature="teardown()[pri:0, instance:com.crm.tests.LoginTest@553f17c]" name="teardown" is-config="true" duration-ms="5712" started-at="2019-12-16T07:45:59Z" finished-at="2019-12-16T07:46:05Z">
          <reporter-output>
          </reporter-output>
        </test-method> <!-- teardown -->
      </class> <!-- com.crm.tests.LoginTest -->
      <class name="com.crm.tests.ContactPageTest">
        <test-method status="PASS" signature="setup()[pri:0, instance:com.crm.tests.ContactPageTest@271053e1]" name="setup" is-config="true" duration-ms="41060" started-at="2019-12-16T07:42:48Z" finished-at="2019-12-16T07:43:29Z">
          <reporter-output>
          </reporter-output>
        </test-method> <!-- setup -->
        <test-method status="PASS" signature="newcontaactcreation()[pri:0, instance:com.crm.tests.ContactPageTest@271053e1]" name="newcontaactcreation" duration-ms="6959" started-at="2019-12-16T07:43:29Z" finished-at="2019-12-16T07:43:36Z">
          <reporter-output>
          </reporter-output>
        </test-method> <!-- newcontaactcreation -->
        <test-method status="PASS" signature="teardown()[pri:0, instance:com.crm.tests.ContactPageTest@271053e1]" name="teardown" is-config="true" duration-ms="659" started-at="2019-12-16T07:43:36Z" finished-at="2019-12-16T07:43:37Z">
          <reporter-output>
          </reporter-output>
        </test-method> <!-- teardown -->
      </class> <!-- com.crm.tests.ContactPageTest -->
      <class name="com.crm.tests.HomePageTest">
        <test-method status="PASS" signature="setup()[pri:0, instance:com.crm.tests.HomePageTest@4f7d0008]" name="setup" is-config="true" duration-ms="45562" started-at="2019-12-16T07:41:49Z" finished-at="2019-12-16T07:42:35Z">
          <reporter-output>
          </reporter-output>
        </test-method> <!-- setup -->
        <test-method status="PASS" signature="Usernamedisplay()[pri:0, instance:com.crm.tests.HomePageTest@4f7d0008]" name="Usernamedisplay" duration-ms="2608" started-at="2019-12-16T07:42:35Z" finished-at="2019-12-16T07:42:37Z">
          <reporter-output>
          </reporter-output>
        </test-method> <!-- Usernamedisplay -->
        <test-method status="PASS" signature="teardown()[pri:0, instance:com.crm.tests.HomePageTest@4f7d0008]" name="teardown" is-config="true" duration-ms="10706" started-at="2019-12-16T07:42:37Z" finished-at="2019-12-16T07:42:48Z">
          <reporter-output>
          </reporter-output>
        </test-method> <!-- teardown -->
      </class> <!-- com.crm.tests.HomePageTest -->
      <class name="com.crm.tests.RubbishPageTest">
        <test-method status="PASS" signature="startup()[pri:0, instance:com.crm.tests.RubbishPageTest@589838eb]" name="startup" is-config="true" duration-ms="48885" started-at="2019-12-16T07:43:37Z" finished-at="2019-12-16T07:44:26Z">
          <reporter-output>
          </reporter-output>
        </test-method> <!-- startup -->
        <test-method status="PASS" signature="Test1()[pri:0, instance:com.crm.tests.RubbishPageTest@589838eb]" name="Test1" duration-ms="3126" started-at="2019-12-16T07:44:26Z" finished-at="2019-12-16T07:44:29Z">
          <reporter-output>
          </reporter-output>
        </test-method> <!-- Test1 -->
        <test-method status="PASS" signature="teardown()[pri:0, instance:com.crm.tests.RubbishPageTest@589838eb]" name="teardown" is-config="true" duration-ms="651" started-at="2019-12-16T07:44:29Z" finished-at="2019-12-16T07:44:29Z">
          <reporter-output>
          </reporter-output>
        </test-method> <!-- teardown -->
      </class> <!-- com.crm.tests.RubbishPageTest -->
    </test> <!-- Free CRM Test -->
  </suite> <!-- PageObjectModel -->
</testng-results>
