<?xml version="1.0" encoding="UTF-8"?>
<testng-results skipped="0" failed="0" ignored="0" total="5" passed="5">
  <reporter-output>
  </reporter-output>
  <suite name="Default suite" duration-ms="23179" started-at="2020-06-18T16:23:18 IST" finished-at="2020-06-18T16:23:41 IST">
    <groups>
    </groups>
    <test name="Default test" duration-ms="23179" started-at="2020-06-18T16:23:18 IST" finished-at="2020-06-18T16:23:41 IST">
      <class name="AuthTests.ClientAdminRegistration">
        <test-method status="PASS" signature="steup()[pri:0, instance:AuthTests.ClientAdminRegistration@49fc609f]" name="steup" is-config="true" duration-ms="12" started-at="2020-06-18T16:23:18 IST" finished-at="2020-06-18T16:23:18 IST">
          <reporter-output>
          </reporter-output>
        </test-method> <!-- steup -->
        <test-method status="PASS" signature="ClientRegistrationValidation()[pri:1, instance:AuthTests.ClientAdminRegistration@49fc609f]" name="ClientRegistrationValidation" duration-ms="14799" started-at="2020-06-18T16:23:18 IST" description="Verify that the client admin registration can be performed successfully." finished-at="2020-06-18T16:23:33 IST">
          <reporter-output>
          </reporter-output>
        </test-method> <!-- ClientRegistrationValidation -->
        <test-method status="PASS" signature="steup()[pri:0, instance:AuthTests.ClientAdminRegistration@49fc609f]" name="steup" is-config="true" duration-ms="1" started-at="2020-06-18T16:23:33 IST" finished-at="2020-06-18T16:23:33 IST">
          <reporter-output>
          </reporter-output>
        </test-method> <!-- steup -->
        <test-method status="PASS" signature="gettokenvalidation()[pri:2, instance:AuthTests.ClientAdminRegistration@49fc609f]" name="gettokenvalidation" duration-ms="1565" started-at="2020-06-18T16:23:33 IST" description="Verify that the user is able to generate the token" finished-at="2020-06-18T16:23:35 IST">
          <reporter-output>
          </reporter-output>
        </test-method> <!-- gettokenvalidation -->
        <test-method status="PASS" signature="steup()[pri:0, instance:AuthTests.ClientAdminRegistration@49fc609f]" name="steup" is-config="true" duration-ms="4" started-at="2020-06-18T16:23:35 IST" finished-at="2020-06-18T16:23:35 IST">
          <reporter-output>
          </reporter-output>
        </test-method> <!-- steup -->
        <test-method status="PASS" signature="usercreation()[pri:3, instance:AuthTests.ClientAdminRegistration@49fc609f]" name="usercreation" duration-ms="1616" started-at="2020-06-18T16:23:35 IST" description="Verify that the client admin user is able to register new user successfully." finished-at="2020-06-18T16:23:36 IST">
          <reporter-output>
          </reporter-output>
        </test-method> <!-- usercreation -->
        <test-method status="PASS" signature="steup()[pri:0, instance:AuthTests.ClientAdminRegistration@49fc609f]" name="steup" is-config="true" duration-ms="1" started-at="2020-06-18T16:23:36 IST" finished-at="2020-06-18T16:23:36 IST">
          <reporter-output>
          </reporter-output>
        </test-method> <!-- steup -->
        <test-method status="PASS" signature="UserGroupDetails()[pri:4, instance:AuthTests.ClientAdminRegistration@49fc609f]" name="UserGroupDetails" duration-ms="3740" started-at="2020-06-18T16:23:36 IST" description="Verify that the newly created user doesnt have any group in it." finished-at="2020-06-18T16:23:40 IST">
          <reporter-output>
          </reporter-output>
        </test-method> <!-- UserGroupDetails -->
        <test-method status="PASS" signature="DashboardGroupResponseValidation()[pri:5, instance:AuthTests.ClientAdminRegistration@49fc609f]" name="DashboardGroupResponseValidation" duration-ms="1329" started-at="2020-06-18T16:23:40 IST" description="Verify that if an user has dashboard groups it is displayed in response" finished-at="2020-06-18T16:23:41 IST">
          <reporter-output>
          </reporter-output>
        </test-method> <!-- DashboardGroupResponseValidation -->
        <test-method status="PASS" signature="steup()[pri:0, instance:AuthTests.ClientAdminRegistration@49fc609f]" name="steup" is-config="true" duration-ms="0" started-at="2020-06-18T16:23:40 IST" finished-at="2020-06-18T16:23:40 IST">
          <reporter-output>
          </reporter-output>
        </test-method> <!-- steup -->
      </class> <!-- AuthTests.ClientAdminRegistration -->
    </test> <!-- Default test -->
  </suite> <!-- Default suite -->
</testng-results>
